[2024-05-11 18:36:11] local.ERROR: SQLSTATE[HY000]: General error: 1 table "oauth_refresh_tokens" already exists (Connection: sqlite, SQL: create table "oauth_refresh_tokens" ("id" varchar not null, "access_token_id" varchar not null, "revoked" tinyint(1) not null, "expires_at" datetime, primary key ("id"))) {"exception":"[object] (Illuminate\\Database\\QueryException(code: HY000): SQLSTATE[HY000]: General error: 1 table \"oauth_refresh_tokens\" already exists (Connection: sqlite, SQL: create table \"oauth_refresh_tokens\" (\"id\" varchar not null, \"access_token_id\" varchar not null, \"revoked\" tinyint(1) not null, \"expires_at\" datetime, primary key (\"id\"))) at /app/vendor/laravel/framework/src/Illuminate/Database/Connection.php:813)
[stacktrace]
#0 /app/vendor/laravel/framework/src/Illuminate/Database/Connection.php(767): Illuminate\\Database\\Connection->runQueryCallback()
#1 /app/vendor/laravel/framework/src/Illuminate/Database/Connection.php(560): Illuminate\\Database\\Connection->run()
#2 /app/vendor/laravel/framework/src/Illuminate/Database/Schema/Blueprint.php(109): Illuminate\\Database\\Connection->statement()
#3 /app/vendor/laravel/framework/src/Illuminate/Database/Schema/Builder.php(564): Illuminate\\Database\\Schema\\Blueprint->build()
#4 /app/vendor/laravel/framework/src/Illuminate/Database/Schema/Builder.php(418): Illuminate\\Database\\Schema\\Builder->build()
#5 /app/vendor/laravel/framework/src/Illuminate/Support/Facades/Facade.php(357): Illuminate\\Database\\Schema\\Builder->create()
#6 /app/database/migrations/2024_05_11_183612_create_oauth_refresh_tokens_table.php(14): Illuminate\\Support\\Facades\\Facade::__callStatic()
#7 /app/vendor/laravel/framework/src/Illuminate/Database/Migrations/Migrator.php(482): Illuminate\\Database\\Migrations\\Migration@anonymous->up()
#8 /app/vendor/laravel/framework/src/Illuminate/Database/Migrations/Migrator.php(408): Illuminate\\Database\\Migrations\\Migrator->runMethod()
#9 /app/vendor/laravel/framework/src/Illuminate/Database/Migrations/Migrator.php(417): Illuminate\\Database\\Migrations\\Migrator->Illuminate\\Database\\Migrations\\{closure}()
#10 /app/vendor/laravel/framework/src/Illuminate/Database/Migrations/Migrator.php(214): Illuminate\\Database\\Migrations\\Migrator->runMigration()
#11 /app/vendor/laravel/framework/src/Illuminate/Console/View/Components/Task.php(40): Illuminate\\Database\\Migrations\\Migrator->Illuminate\\Database\\Migrations\\{closure}()
#12 /app/vendor/laravel/framework/src/Illuminate/Database/Migrations/Migrator.php(745): Illuminate\\Console\\View\\Components\\Task->render()
#13 /app/vendor/laravel/framework/src/Illuminate/Database/Migrations/Migrator.php(214): Illuminate\\Database\\Migrations\\Migrator->write()
#14 /app/vendor/laravel/framework/src/Illuminate/Database/Migrations/Migrator.php(179): Illuminate\\Database\\Migrations\\Migrator->runUp()
#15 /app/vendor/laravel/framework/src/Illuminate/Database/Migrations/Migrator.php(122): Illuminate\\Database\\Migrations\\Migrator->runPending()
#16 /app/vendor/laravel/framework/src/Illuminate/Database/Console/Migrations/MigrateCommand.php(116): Illuminate\\Database\\Migrations\\Migrator->run()
#17 /app/vendor/laravel/framework/src/Illuminate/Database/Migrations/Migrator.php(622): Illuminate\\Database\\Console\\Migrations\\MigrateCommand->Illuminate\\Database\\Console\\Migrations\\{closure}()
#18 /app/vendor/laravel/framework/src/Illuminate/Database/Console/Migrations/MigrateCommand.php(109): Illuminate\\Database\\Migrations\\Migrator->usingConnection()
#19 /app/vendor/laravel/framework/src/Illuminate/Database/Console/Migrations/MigrateCommand.php(88): Illuminate\\Database\\Console\\Migrations\\MigrateCommand->runMigrations()
#20 /app/vendor/laravel/framework/src/Illuminate/Container/BoundMethod.php(36): Illuminate\\Database\\Console\\Migrations\\MigrateCommand->handle()
#21 /app/vendor/laravel/framework/src/Illuminate/Container/Util.php(41): Illuminate\\Container\\BoundMethod::Illuminate\\Container\\{closure}()
#22 /app/vendor/laravel/framework/src/Illuminate/Container/BoundMethod.php(93): Illuminate\\Container\\Util::unwrapIfClosure()
#23 /app/vendor/laravel/framework/src/Illuminate/Container/BoundMethod.php(35): Illuminate\\Container\\BoundMethod::callBoundMethod()
#24 /app/vendor/laravel/framework/src/Illuminate/Container/Container.php(662): Illuminate\\Container\\BoundMethod::call()
#25 /app/vendor/laravel/framework/src/Illuminate/Console/Command.php(212): Illuminate\\Container\\Container->call()
#26 /app/vendor/symfony/console/Command/Command.php(279): Illuminate\\Console\\Command->execute()
#27 /app/vendor/laravel/framework/src/Illuminate/Console/Command.php(181): Symfony\\Component\\Console\\Command\\Command->run()
#28 /app/vendor/laravel/framework/src/Illuminate/Console/Concerns/CallsCommands.php(67): Illuminate\\Console\\Command->run()
#29 /app/vendor/laravel/framework/src/Illuminate/Console/Concerns/CallsCommands.php(28): Illuminate\\Console\\Command->runCommand()
#30 /app/vendor/laravel/passport/src/Console/InstallCommand.php(45): Illuminate\\Console\\Command->call()
#31 /app/vendor/laravel/framework/src/Illuminate/Container/BoundMethod.php(36): Laravel\\Passport\\Console\\InstallCommand->handle()
#32 /app/vendor/laravel/framework/src/Illuminate/Container/Util.php(41): Illuminate\\Container\\BoundMethod::Illuminate\\Container\\{closure}()
#33 /app/vendor/laravel/framework/src/Illuminate/Container/BoundMethod.php(93): Illuminate\\Container\\Util::unwrapIfClosure()
#34 /app/vendor/laravel/framework/src/Illuminate/Container/BoundMethod.php(35): Illuminate\\Container\\BoundMethod::callBoundMethod()
#35 /app/vendor/laravel/framework/src/Illuminate/Container/Container.php(662): Illuminate\\Container\\BoundMethod::call()
#36 /app/vendor/laravel/framework/src/Illuminate/Console/Command.php(212): Illuminate\\Container\\Container->call()
#37 /app/vendor/symfony/console/Command/Command.php(279): Illuminate\\Console\\Command->execute()
#38 /app/vendor/laravel/framework/src/Illuminate/Console/Command.php(181): Symfony\\Component\\Console\\Command\\Command->run()
#39 /app/vendor/symfony/console/Application.php(1049): Illuminate\\Console\\Command->run()
#40 /app/vendor/symfony/console/Application.php(318): Symfony\\Component\\Console\\Application->doRunCommand()
#41 /app/vendor/symfony/console/Application.php(169): Symfony\\Component\\Console\\Application->doRun()
#42 /app/vendor/laravel/framework/src/Illuminate/Foundation/Console/Kernel.php(196): Symfony\\Component\\Console\\Application->run()
#43 /app/vendor/laravel/framework/src/Illuminate/Foundation/Application.php(1187): Illuminate\\Foundation\\Console\\Kernel->handle()
#44 /app/artisan(13): Illuminate\\Foundation\\Application->handleCommand()
#45 {main}

[previous exception] [object] (PDOException(code: HY000): SQLSTATE[HY000]: General error: 1 table \"oauth_refresh_tokens\" already exists at /app/vendor/laravel/framework/src/Illuminate/Database/Connection.php:565)
[stacktrace]
#0 /app/vendor/laravel/framework/src/Illuminate/Database/Connection.php(565): PDO->prepare()
#1 /app/vendor/laravel/framework/src/Illuminate/Database/Connection.php(800): Illuminate\\Database\\Connection->Illuminate\\Database\\{closure}()
#2 /app/vendor/laravel/framework/src/Illuminate/Database/Connection.php(767): Illuminate\\Database\\Connection->runQueryCallback()
#3 /app/vendor/laravel/framework/src/Illuminate/Database/Connection.php(560): Illuminate\\Database\\Connection->run()
#4 /app/vendor/laravel/framework/src/Illuminate/Database/Schema/Blueprint.php(109): Illuminate\\Database\\Connection->statement()
#5 /app/vendor/laravel/framework/src/Illuminate/Database/Schema/Builder.php(564): Illuminate\\Database\\Schema\\Blueprint->build()
#6 /app/vendor/laravel/framework/src/Illuminate/Database/Schema/Builder.php(418): Illuminate\\Database\\Schema\\Builder->build()
#7 /app/vendor/laravel/framework/src/Illuminate/Support/Facades/Facade.php(357): Illuminate\\Database\\Schema\\Builder->create()
#8 /app/database/migrations/2024_05_11_183612_create_oauth_refresh_tokens_table.php(14): Illuminate\\Support\\Facades\\Facade::__callStatic()
#9 /app/vendor/laravel/framework/src/Illuminate/Database/Migrations/Migrator.php(482): Illuminate\\Database\\Migrations\\Migration@anonymous->up()
#10 /app/vendor/laravel/framework/src/Illuminate/Database/Migrations/Migrator.php(408): Illuminate\\Database\\Migrations\\Migrator->runMethod()
#11 /app/vendor/laravel/framework/src/Illuminate/Database/Migrations/Migrator.php(417): Illuminate\\Database\\Migrations\\Migrator->Illuminate\\Database\\Migrations\\{closure}()
#12 /app/vendor/laravel/framework/src/Illuminate/Database/Migrations/Migrator.php(214): Illuminate\\Database\\Migrations\\Migrator->runMigration()
#13 /app/vendor/laravel/framework/src/Illuminate/Console/View/Components/Task.php(40): Illuminate\\Database\\Migrations\\Migrator->Illuminate\\Database\\Migrations\\{closure}()
#14 /app/vendor/laravel/framework/src/Illuminate/Database/Migrations/Migrator.php(745): Illuminate\\Console\\View\\Components\\Task->render()
#15 /app/vendor/laravel/framework/src/Illuminate/Database/Migrations/Migrator.php(214): Illuminate\\Database\\Migrations\\Migrator->write()
#16 /app/vendor/laravel/framework/src/Illuminate/Database/Migrations/Migrator.php(179): Illuminate\\Database\\Migrations\\Migrator->runUp()
#17 /app/vendor/laravel/framework/src/Illuminate/Database/Migrations/Migrator.php(122): Illuminate\\Database\\Migrations\\Migrator->runPending()
#18 /app/vendor/laravel/framework/src/Illuminate/Database/Console/Migrations/MigrateCommand.php(116): Illuminate\\Database\\Migrations\\Migrator->run()
#19 /app/vendor/laravel/framework/src/Illuminate/Database/Migrations/Migrator.php(622): Illuminate\\Database\\Console\\Migrations\\MigrateCommand->Illuminate\\Database\\Console\\Migrations\\{closure}()
#20 /app/vendor/laravel/framework/src/Illuminate/Database/Console/Migrations/MigrateCommand.php(109): Illuminate\\Database\\Migrations\\Migrator->usingConnection()
#21 /app/vendor/laravel/framework/src/Illuminate/Database/Console/Migrations/MigrateCommand.php(88): Illuminate\\Database\\Console\\Migrations\\MigrateCommand->runMigrations()
#22 /app/vendor/laravel/framework/src/Illuminate/Container/BoundMethod.php(36): Illuminate\\Database\\Console\\Migrations\\MigrateCommand->handle()
#23 /app/vendor/laravel/framework/src/Illuminate/Container/Util.php(41): Illuminate\\Container\\BoundMethod::Illuminate\\Container\\{closure}()
#24 /app/vendor/laravel/framework/src/Illuminate/Container/BoundMethod.php(93): Illuminate\\Container\\Util::unwrapIfClosure()
#25 /app/vendor/laravel/framework/src/Illuminate/Container/BoundMethod.php(35): Illuminate\\Container\\BoundMethod::callBoundMethod()
#26 /app/vendor/laravel/framework/src/Illuminate/Container/Container.php(662): Illuminate\\Container\\BoundMethod::call()
#27 /app/vendor/laravel/framework/src/Illuminate/Console/Command.php(212): Illuminate\\Container\\Container->call()
#28 /app/vendor/symfony/console/Command/Command.php(279): Illuminate\\Console\\Command->execute()
#29 /app/vendor/laravel/framework/src/Illuminate/Console/Command.php(181): Symfony\\Component\\Console\\Command\\Command->run()
#30 /app/vendor/laravel/framework/src/Illuminate/Console/Concerns/CallsCommands.php(67): Illuminate\\Console\\Command->run()
#31 /app/vendor/laravel/framework/src/Illuminate/Console/Concerns/CallsCommands.php(28): Illuminate\\Console\\Command->runCommand()
#32 /app/vendor/laravel/passport/src/Console/InstallCommand.php(45): Illuminate\\Console\\Command->call()
#33 /app/vendor/laravel/framework/src/Illuminate/Container/BoundMethod.php(36): Laravel\\Passport\\Console\\InstallCommand->handle()
#34 /app/vendor/laravel/framework/src/Illuminate/Container/Util.php(41): Illuminate\\Container\\BoundMethod::Illuminate\\Container\\{closure}()
#35 /app/vendor/laravel/framework/src/Illuminate/Container/BoundMethod.php(93): Illuminate\\Container\\Util::unwrapIfClosure()
#36 /app/vendor/laravel/framework/src/Illuminate/Container/BoundMethod.php(35): Illuminate\\Container\\BoundMethod::callBoundMethod()
#37 /app/vendor/laravel/framework/src/Illuminate/Container/Container.php(662): Illuminate\\Container\\BoundMethod::call()
#38 /app/vendor/laravel/framework/src/Illuminate/Console/Command.php(212): Illuminate\\Container\\Container->call()
#39 /app/vendor/symfony/console/Command/Command.php(279): Illuminate\\Console\\Command->execute()
#40 /app/vendor/laravel/framework/src/Illuminate/Console/Command.php(181): Symfony\\Component\\Console\\Command\\Command->run()
#41 /app/vendor/symfony/console/Application.php(1049): Illuminate\\Console\\Command->run()
#42 /app/vendor/symfony/console/Application.php(318): Symfony\\Component\\Console\\Application->doRunCommand()
#43 /app/vendor/symfony/console/Application.php(169): Symfony\\Component\\Console\\Application->doRun()
#44 /app/vendor/laravel/framework/src/Illuminate/Foundation/Console/Kernel.php(196): Symfony\\Component\\Console\\Application->run()
#45 /app/vendor/laravel/framework/src/Illuminate/Foundation/Application.php(1187): Illuminate\\Foundation\\Console\\Kernel->handle()
#46 /app/artisan(13): Illuminate\\Foundation\\Application->handleCommand()
#47 {main}
"} 
[2024-05-11 22:48:21] local.INFO: hi  
[2024-05-11 22:48:21] local.INFO: hi  
[2024-05-11 22:49:10] local.INFO: hi  
[2024-05-11 22:49:10] local.INFO: hi  
[2024-05-11 22:49:10] local.ERROR: could not find driver (Connection: mysql, SQL: select table_name as `name`, (data_length + index_length) as `size`, table_comment as `comment`, engine as `engine`, table_collation as `collation` from information_schema.tables where table_schema = 'default' and table_type in ('BASE TABLE', 'SYSTEM VERSIONED') order by table_name) {"exception":"[object] (Illuminate\\Database\\QueryException(code: 0): could not find driver (Connection: mysql, SQL: select table_name as `name`, (data_length + index_length) as `size`, table_comment as `comment`, engine as `engine`, table_collation as `collation` from information_schema.tables where table_schema = 'default' and table_type in ('BASE TABLE', 'SYSTEM VERSIONED') order by table_name) at /app/vendor/laravel/framework/src/Illuminate/Database/Connection.php:813)
[stacktrace]
#0 /app/vendor/laravel/framework/src/Illuminate/Database/Connection.php(767): Illuminate\\Database\\Connection->runQueryCallback()
#1 /app/vendor/laravel/framework/src/Illuminate/Database/Connection.php(398): Illuminate\\Database\\Connection->run()
#2 /app/vendor/laravel/framework/src/Illuminate/Database/Connection.php(385): Illuminate\\Database\\Connection->select()
#3 /app/vendor/laravel/framework/src/Illuminate/Database/Schema/MySqlBuilder.php(41): Illuminate\\Database\\Connection->selectFromWriteConnection()
#4 /app/vendor/laravel/framework/src/Illuminate/Database/Schema/Builder.php(147): Illuminate\\Database\\Schema\\MySqlBuilder->getTables()
#5 /app/vendor/laravel/framework/src/Illuminate/Database/Migrations/DatabaseMigrationRepository.php(184): Illuminate\\Database\\Schema\\Builder->hasTable()
#6 /app/vendor/laravel/framework/src/Illuminate/Database/Migrations/Migrator.php(689): Illuminate\\Database\\Migrations\\DatabaseMigrationRepository->repositoryExists()
#7 /app/vendor/laravel/framework/src/Illuminate/Database/Console/Migrations/MigrateCommand.php(164): Illuminate\\Database\\Migrations\\Migrator->repositoryExists()
#8 /app/vendor/laravel/framework/src/Illuminate/Support/helpers.php(304): Illuminate\\Database\\Console\\Migrations\\MigrateCommand->Illuminate\\Database\\Console\\Migrations\\{closure}()
#9 /app/vendor/laravel/framework/src/Illuminate/Database/Console/Migrations/MigrateCommand.php(164): retry()
#10 /app/vendor/laravel/framework/src/Illuminate/Database/Console/Migrations/MigrateCommand.php(140): Illuminate\\Database\\Console\\Migrations\\MigrateCommand->repositoryExists()
#11 /app/vendor/laravel/framework/src/Illuminate/Database/Console/Migrations/MigrateCommand.php(110): Illuminate\\Database\\Console\\Migrations\\MigrateCommand->prepareDatabase()
#12 /app/vendor/laravel/framework/src/Illuminate/Database/Migrations/Migrator.php(622): Illuminate\\Database\\Console\\Migrations\\MigrateCommand->Illuminate\\Database\\Console\\Migrations\\{closure}()
#13 /app/vendor/laravel/framework/src/Illuminate/Database/Console/Migrations/MigrateCommand.php(109): Illuminate\\Database\\Migrations\\Migrator->usingConnection()
#14 /app/vendor/laravel/framework/src/Illuminate/Database/Console/Migrations/MigrateCommand.php(88): Illuminate\\Database\\Console\\Migrations\\MigrateCommand->runMigrations()
#15 /app/vendor/laravel/framework/src/Illuminate/Container/BoundMethod.php(36): Illuminate\\Database\\Console\\Migrations\\MigrateCommand->handle()
#16 /app/vendor/laravel/framework/src/Illuminate/Container/Util.php(41): Illuminate\\Container\\BoundMethod::Illuminate\\Container\\{closure}()
#17 /app/vendor/laravel/framework/src/Illuminate/Container/BoundMethod.php(93): Illuminate\\Container\\Util::unwrapIfClosure()
#18 /app/vendor/laravel/framework/src/Illuminate/Container/BoundMethod.php(35): Illuminate\\Container\\BoundMethod::callBoundMethod()
#19 /app/vendor/laravel/framework/src/Illuminate/Container/Container.php(662): Illuminate\\Container\\BoundMethod::call()
#20 /app/vendor/laravel/framework/src/Illuminate/Console/Command.php(212): Illuminate\\Container\\Container->call()
#21 /app/vendor/symfony/console/Command/Command.php(279): Illuminate\\Console\\Command->execute()
#22 /app/vendor/laravel/framework/src/Illuminate/Console/Command.php(181): Symfony\\Component\\Console\\Command\\Command->run()
#23 /app/vendor/symfony/console/Application.php(1049): Illuminate\\Console\\Command->run()
#24 /app/vendor/symfony/console/Application.php(318): Symfony\\Component\\Console\\Application->doRunCommand()
#25 /app/vendor/symfony/console/Application.php(169): Symfony\\Component\\Console\\Application->doRun()
#26 /app/vendor/laravel/framework/src/Illuminate/Foundation/Console/Kernel.php(196): Symfony\\Component\\Console\\Application->run()
#27 /app/vendor/laravel/framework/src/Illuminate/Foundation/Application.php(1187): Illuminate\\Foundation\\Console\\Kernel->handle()
#28 /app/artisan(13): Illuminate\\Foundation\\Application->handleCommand()
#29 {main}

[previous exception] [object] (PDOException(code: 0): could not find driver at /app/vendor/laravel/framework/src/Illuminate/Database/Connectors/Connector.php:65)
[stacktrace]
#0 /app/vendor/laravel/framework/src/Illuminate/Database/Connectors/Connector.php(65): PDO->__construct()
#1 /app/vendor/laravel/framework/src/Illuminate/Database/Connectors/Connector.php(44): Illuminate\\Database\\Connectors\\Connector->createPdoConnection()
#2 /app/vendor/laravel/framework/src/Illuminate/Database/Connectors/MySqlConnector.php(24): Illuminate\\Database\\Connectors\\Connector->createConnection()
#3 /app/vendor/laravel/framework/src/Illuminate/Database/Connectors/ConnectionFactory.php(185): Illuminate\\Database\\Connectors\\MySqlConnector->connect()
#4 [internal function]: Illuminate\\Database\\Connectors\\ConnectionFactory->Illuminate\\Database\\Connectors\\{closure}()
#5 /app/vendor/laravel/framework/src/Illuminate/Database/Connection.php(1219): call_user_func()
#6 /app/vendor/laravel/framework/src/Illuminate/Database/Connection.php(512): Illuminate\\Database\\Connection->getPdo()
#7 /app/vendor/laravel/framework/src/Illuminate/Database/Connection.php(407): Illuminate\\Database\\Connection->getPdoForSelect()
#8 /app/vendor/laravel/framework/src/Illuminate/Database/Connection.php(800): Illuminate\\Database\\Connection->Illuminate\\Database\\{closure}()
#9 /app/vendor/laravel/framework/src/Illuminate/Database/Connection.php(767): Illuminate\\Database\\Connection->runQueryCallback()
#10 /app/vendor/laravel/framework/src/Illuminate/Database/Connection.php(398): Illuminate\\Database\\Connection->run()
#11 /app/vendor/laravel/framework/src/Illuminate/Database/Connection.php(385): Illuminate\\Database\\Connection->select()
#12 /app/vendor/laravel/framework/src/Illuminate/Database/Schema/MySqlBuilder.php(41): Illuminate\\Database\\Connection->selectFromWriteConnection()
#13 /app/vendor/laravel/framework/src/Illuminate/Database/Schema/Builder.php(147): Illuminate\\Database\\Schema\\MySqlBuilder->getTables()
#14 /app/vendor/laravel/framework/src/Illuminate/Database/Migrations/DatabaseMigrationRepository.php(184): Illuminate\\Database\\Schema\\Builder->hasTable()
#15 /app/vendor/laravel/framework/src/Illuminate/Database/Migrations/Migrator.php(689): Illuminate\\Database\\Migrations\\DatabaseMigrationRepository->repositoryExists()
#16 /app/vendor/laravel/framework/src/Illuminate/Database/Console/Migrations/MigrateCommand.php(164): Illuminate\\Database\\Migrations\\Migrator->repositoryExists()
#17 /app/vendor/laravel/framework/src/Illuminate/Support/helpers.php(304): Illuminate\\Database\\Console\\Migrations\\MigrateCommand->Illuminate\\Database\\Console\\Migrations\\{closure}()
#18 /app/vendor/laravel/framework/src/Illuminate/Database/Console/Migrations/MigrateCommand.php(164): retry()
#19 /app/vendor/laravel/framework/src/Illuminate/Database/Console/Migrations/MigrateCommand.php(140): Illuminate\\Database\\Console\\Migrations\\MigrateCommand->repositoryExists()
#20 /app/vendor/laravel/framework/src/Illuminate/Database/Console/Migrations/MigrateCommand.php(110): Illuminate\\Database\\Console\\Migrations\\MigrateCommand->prepareDatabase()
#21 /app/vendor/laravel/framework/src/Illuminate/Database/Migrations/Migrator.php(622): Illuminate\\Database\\Console\\Migrations\\MigrateCommand->Illuminate\\Database\\Console\\Migrations\\{closure}()
#22 /app/vendor/laravel/framework/src/Illuminate/Database/Console/Migrations/MigrateCommand.php(109): Illuminate\\Database\\Migrations\\Migrator->usingConnection()
#23 /app/vendor/laravel/framework/src/Illuminate/Database/Console/Migrations/MigrateCommand.php(88): Illuminate\\Database\\Console\\Migrations\\MigrateCommand->runMigrations()
#24 /app/vendor/laravel/framework/src/Illuminate/Container/BoundMethod.php(36): Illuminate\\Database\\Console\\Migrations\\MigrateCommand->handle()
#25 /app/vendor/laravel/framework/src/Illuminate/Container/Util.php(41): Illuminate\\Container\\BoundMethod::Illuminate\\Container\\{closure}()
#26 /app/vendor/laravel/framework/src/Illuminate/Container/BoundMethod.php(93): Illuminate\\Container\\Util::unwrapIfClosure()
#27 /app/vendor/laravel/framework/src/Illuminate/Container/BoundMethod.php(35): Illuminate\\Container\\BoundMethod::callBoundMethod()
#28 /app/vendor/laravel/framework/src/Illuminate/Container/Container.php(662): Illuminate\\Container\\BoundMethod::call()
#29 /app/vendor/laravel/framework/src/Illuminate/Console/Command.php(212): Illuminate\\Container\\Container->call()
#30 /app/vendor/symfony/console/Command/Command.php(279): Illuminate\\Console\\Command->execute()
#31 /app/vendor/laravel/framework/src/Illuminate/Console/Command.php(181): Symfony\\Component\\Console\\Command\\Command->run()
#32 /app/vendor/symfony/console/Application.php(1049): Illuminate\\Console\\Command->run()
#33 /app/vendor/symfony/console/Application.php(318): Symfony\\Component\\Console\\Application->doRunCommand()
#34 /app/vendor/symfony/console/Application.php(169): Symfony\\Component\\Console\\Application->doRun()
#35 /app/vendor/laravel/framework/src/Illuminate/Foundation/Console/Kernel.php(196): Symfony\\Component\\Console\\Application->run()
#36 /app/vendor/laravel/framework/src/Illuminate/Foundation/Application.php(1187): Illuminate\\Foundation\\Console\\Kernel->handle()
#37 /app/artisan(13): Illuminate\\Foundation\\Application->handleCommand()
#38 {main}
"} 
[2024-05-11 22:49:23] local.INFO: hi  
[2024-05-11 22:49:23] local.ERROR: could not find driver (Connection: mysql, SQL: select table_name as `name`, (data_length + index_length) as `size`, table_comment as `comment`, engine as `engine`, table_collation as `collation` from information_schema.tables where table_schema = 'default' and table_type in ('BASE TABLE', 'SYSTEM VERSIONED') order by table_name) {"exception":"[object] (Illuminate\\Database\\QueryException(code: 0): could not find driver (Connection: mysql, SQL: select table_name as `name`, (data_length + index_length) as `size`, table_comment as `comment`, engine as `engine`, table_collation as `collation` from information_schema.tables where table_schema = 'default' and table_type in ('BASE TABLE', 'SYSTEM VERSIONED') order by table_name) at /app/vendor/laravel/framework/src/Illuminate/Database/Connection.php:813)
[stacktrace]
#0 /app/vendor/laravel/framework/src/Illuminate/Database/Connection.php(767): Illuminate\\Database\\Connection->runQueryCallback()
#1 /app/vendor/laravel/framework/src/Illuminate/Database/Connection.php(398): Illuminate\\Database\\Connection->run()
#2 /app/vendor/laravel/framework/src/Illuminate/Database/Connection.php(385): Illuminate\\Database\\Connection->select()
#3 /app/vendor/laravel/framework/src/Illuminate/Database/Schema/MySqlBuilder.php(41): Illuminate\\Database\\Connection->selectFromWriteConnection()
#4 /app/vendor/laravel/framework/src/Illuminate/Database/Schema/Builder.php(147): Illuminate\\Database\\Schema\\MySqlBuilder->getTables()
#5 /app/vendor/laravel/framework/src/Illuminate/Database/Migrations/DatabaseMigrationRepository.php(184): Illuminate\\Database\\Schema\\Builder->hasTable()
#6 /app/vendor/laravel/framework/src/Illuminate/Database/Migrations/Migrator.php(689): Illuminate\\Database\\Migrations\\DatabaseMigrationRepository->repositoryExists()
#7 /app/vendor/laravel/framework/src/Illuminate/Database/Console/Migrations/MigrateCommand.php(164): Illuminate\\Database\\Migrations\\Migrator->repositoryExists()
#8 /app/vendor/laravel/framework/src/Illuminate/Support/helpers.php(304): Illuminate\\Database\\Console\\Migrations\\MigrateCommand->Illuminate\\Database\\Console\\Migrations\\{closure}()
#9 /app/vendor/laravel/framework/src/Illuminate/Database/Console/Migrations/MigrateCommand.php(164): retry()
#10 /app/vendor/laravel/framework/src/Illuminate/Database/Console/Migrations/MigrateCommand.php(140): Illuminate\\Database\\Console\\Migrations\\MigrateCommand->repositoryExists()
#11 /app/vendor/laravel/framework/src/Illuminate/Database/Console/Migrations/MigrateCommand.php(110): Illuminate\\Database\\Console\\Migrations\\MigrateCommand->prepareDatabase()
#12 /app/vendor/laravel/framework/src/Illuminate/Database/Migrations/Migrator.php(622): Illuminate\\Database\\Console\\Migrations\\MigrateCommand->Illuminate\\Database\\Console\\Migrations\\{closure}()
#13 /app/vendor/laravel/framework/src/Illuminate/Database/Console/Migrations/MigrateCommand.php(109): Illuminate\\Database\\Migrations\\Migrator->usingConnection()
#14 /app/vendor/laravel/framework/src/Illuminate/Database/Console/Migrations/MigrateCommand.php(88): Illuminate\\Database\\Console\\Migrations\\MigrateCommand->runMigrations()
#15 /app/vendor/laravel/framework/src/Illuminate/Container/BoundMethod.php(36): Illuminate\\Database\\Console\\Migrations\\MigrateCommand->handle()
#16 /app/vendor/laravel/framework/src/Illuminate/Container/Util.php(41): Illuminate\\Container\\BoundMethod::Illuminate\\Container\\{closure}()
#17 /app/vendor/laravel/framework/src/Illuminate/Container/BoundMethod.php(93): Illuminate\\Container\\Util::unwrapIfClosure()
#18 /app/vendor/laravel/framework/src/Illuminate/Container/BoundMethod.php(35): Illuminate\\Container\\BoundMethod::callBoundMethod()
#19 /app/vendor/laravel/framework/src/Illuminate/Container/Container.php(662): Illuminate\\Container\\BoundMethod::call()
#20 /app/vendor/laravel/framework/src/Illuminate/Console/Command.php(212): Illuminate\\Container\\Container->call()
#21 /app/vendor/symfony/console/Command/Command.php(279): Illuminate\\Console\\Command->execute()
#22 /app/vendor/laravel/framework/src/Illuminate/Console/Command.php(181): Symfony\\Component\\Console\\Command\\Command->run()
#23 /app/vendor/symfony/console/Application.php(1049): Illuminate\\Console\\Command->run()
#24 /app/vendor/symfony/console/Application.php(318): Symfony\\Component\\Console\\Application->doRunCommand()
#25 /app/vendor/symfony/console/Application.php(169): Symfony\\Component\\Console\\Application->doRun()
#26 /app/vendor/laravel/framework/src/Illuminate/Foundation/Console/Kernel.php(196): Symfony\\Component\\Console\\Application->run()
#27 /app/vendor/laravel/framework/src/Illuminate/Foundation/Application.php(1187): Illuminate\\Foundation\\Console\\Kernel->handle()
#28 /app/artisan(13): Illuminate\\Foundation\\Application->handleCommand()
#29 {main}

[previous exception] [object] (PDOException(code: 0): could not find driver at /app/vendor/laravel/framework/src/Illuminate/Database/Connectors/Connector.php:65)
[stacktrace]
#0 /app/vendor/laravel/framework/src/Illuminate/Database/Connectors/Connector.php(65): PDO->__construct()
#1 /app/vendor/laravel/framework/src/Illuminate/Database/Connectors/Connector.php(44): Illuminate\\Database\\Connectors\\Connector->createPdoConnection()
#2 /app/vendor/laravel/framework/src/Illuminate/Database/Connectors/MySqlConnector.php(24): Illuminate\\Database\\Connectors\\Connector->createConnection()
#3 /app/vendor/laravel/framework/src/Illuminate/Database/Connectors/ConnectionFactory.php(185): Illuminate\\Database\\Connectors\\MySqlConnector->connect()
#4 [internal function]: Illuminate\\Database\\Connectors\\ConnectionFactory->Illuminate\\Database\\Connectors\\{closure}()
#5 /app/vendor/laravel/framework/src/Illuminate/Database/Connection.php(1219): call_user_func()
#6 /app/vendor/laravel/framework/src/Illuminate/Database/Connection.php(512): Illuminate\\Database\\Connection->getPdo()
#7 /app/vendor/laravel/framework/src/Illuminate/Database/Connection.php(407): Illuminate\\Database\\Connection->getPdoForSelect()
#8 /app/vendor/laravel/framework/src/Illuminate/Database/Connection.php(800): Illuminate\\Database\\Connection->Illuminate\\Database\\{closure}()
#9 /app/vendor/laravel/framework/src/Illuminate/Database/Connection.php(767): Illuminate\\Database\\Connection->runQueryCallback()
#10 /app/vendor/laravel/framework/src/Illuminate/Database/Connection.php(398): Illuminate\\Database\\Connection->run()
#11 /app/vendor/laravel/framework/src/Illuminate/Database/Connection.php(385): Illuminate\\Database\\Connection->select()
#12 /app/vendor/laravel/framework/src/Illuminate/Database/Schema/MySqlBuilder.php(41): Illuminate\\Database\\Connection->selectFromWriteConnection()
#13 /app/vendor/laravel/framework/src/Illuminate/Database/Schema/Builder.php(147): Illuminate\\Database\\Schema\\MySqlBuilder->getTables()
#14 /app/vendor/laravel/framework/src/Illuminate/Database/Migrations/DatabaseMigrationRepository.php(184): Illuminate\\Database\\Schema\\Builder->hasTable()
#15 /app/vendor/laravel/framework/src/Illuminate/Database/Migrations/Migrator.php(689): Illuminate\\Database\\Migrations\\DatabaseMigrationRepository->repositoryExists()
#16 /app/vendor/laravel/framework/src/Illuminate/Database/Console/Migrations/MigrateCommand.php(164): Illuminate\\Database\\Migrations\\Migrator->repositoryExists()
#17 /app/vendor/laravel/framework/src/Illuminate/Support/helpers.php(304): Illuminate\\Database\\Console\\Migrations\\MigrateCommand->Illuminate\\Database\\Console\\Migrations\\{closure}()
#18 /app/vendor/laravel/framework/src/Illuminate/Database/Console/Migrations/MigrateCommand.php(164): retry()
#19 /app/vendor/laravel/framework/src/Illuminate/Database/Console/Migrations/MigrateCommand.php(140): Illuminate\\Database\\Console\\Migrations\\MigrateCommand->repositoryExists()
#20 /app/vendor/laravel/framework/src/Illuminate/Database/Console/Migrations/MigrateCommand.php(110): Illuminate\\Database\\Console\\Migrations\\MigrateCommand->prepareDatabase()
#21 /app/vendor/laravel/framework/src/Illuminate/Database/Migrations/Migrator.php(622): Illuminate\\Database\\Console\\Migrations\\MigrateCommand->Illuminate\\Database\\Console\\Migrations\\{closure}()
#22 /app/vendor/laravel/framework/src/Illuminate/Database/Console/Migrations/MigrateCommand.php(109): Illuminate\\Database\\Migrations\\Migrator->usingConnection()
#23 /app/vendor/laravel/framework/src/Illuminate/Database/Console/Migrations/MigrateCommand.php(88): Illuminate\\Database\\Console\\Migrations\\MigrateCommand->runMigrations()
#24 /app/vendor/laravel/framework/src/Illuminate/Container/BoundMethod.php(36): Illuminate\\Database\\Console\\Migrations\\MigrateCommand->handle()
#25 /app/vendor/laravel/framework/src/Illuminate/Container/Util.php(41): Illuminate\\Container\\BoundMethod::Illuminate\\Container\\{closure}()
#26 /app/vendor/laravel/framework/src/Illuminate/Container/BoundMethod.php(93): Illuminate\\Container\\Util::unwrapIfClosure()
#27 /app/vendor/laravel/framework/src/Illuminate/Container/BoundMethod.php(35): Illuminate\\Container\\BoundMethod::callBoundMethod()
#28 /app/vendor/laravel/framework/src/Illuminate/Container/Container.php(662): Illuminate\\Container\\BoundMethod::call()
#29 /app/vendor/laravel/framework/src/Illuminate/Console/Command.php(212): Illuminate\\Container\\Container->call()
#30 /app/vendor/symfony/console/Command/Command.php(279): Illuminate\\Console\\Command->execute()
#31 /app/vendor/laravel/framework/src/Illuminate/Console/Command.php(181): Symfony\\Component\\Console\\Command\\Command->run()
#32 /app/vendor/symfony/console/Application.php(1049): Illuminate\\Console\\Command->run()
#33 /app/vendor/symfony/console/Application.php(318): Symfony\\Component\\Console\\Application->doRunCommand()
#34 /app/vendor/symfony/console/Application.php(169): Symfony\\Component\\Console\\Application->doRun()
#35 /app/vendor/laravel/framework/src/Illuminate/Foundation/Console/Kernel.php(196): Symfony\\Component\\Console\\Application->run()
#36 /app/vendor/laravel/framework/src/Illuminate/Foundation/Application.php(1187): Illuminate\\Foundation\\Console\\Kernel->handle()
#37 /app/artisan(13): Illuminate\\Foundation\\Application->handleCommand()
#38 {main}
"} 
[2024-05-11 22:50:33] local.INFO: hi  
[2024-05-11 22:50:33] local.ERROR: could not find driver (Connection: mysql, SQL: select table_name as `name`, (data_length + index_length) as `size`, table_comment as `comment`, engine as `engine`, table_collation as `collation` from information_schema.tables where table_schema = 'default' and table_type in ('BASE TABLE', 'SYSTEM VERSIONED') order by table_name) {"exception":"[object] (Illuminate\\Database\\QueryException(code: 0): could not find driver (Connection: mysql, SQL: select table_name as `name`, (data_length + index_length) as `size`, table_comment as `comment`, engine as `engine`, table_collation as `collation` from information_schema.tables where table_schema = 'default' and table_type in ('BASE TABLE', 'SYSTEM VERSIONED') order by table_name) at /app/vendor/laravel/framework/src/Illuminate/Database/Connection.php:813)
[stacktrace]
#0 /app/vendor/laravel/framework/src/Illuminate/Database/Connection.php(767): Illuminate\\Database\\Connection->runQueryCallback()
#1 /app/vendor/laravel/framework/src/Illuminate/Database/Connection.php(398): Illuminate\\Database\\Connection->run()
#2 /app/vendor/laravel/framework/src/Illuminate/Database/Connection.php(385): Illuminate\\Database\\Connection->select()
#3 /app/vendor/laravel/framework/src/Illuminate/Database/Schema/MySqlBuilder.php(41): Illuminate\\Database\\Connection->selectFromWriteConnection()
#4 /app/vendor/laravel/framework/src/Illuminate/Database/Schema/Builder.php(147): Illuminate\\Database\\Schema\\MySqlBuilder->getTables()
#5 /app/vendor/laravel/framework/src/Illuminate/Database/Migrations/DatabaseMigrationRepository.php(184): Illuminate\\Database\\Schema\\Builder->hasTable()
#6 /app/vendor/laravel/framework/src/Illuminate/Database/Migrations/Migrator.php(689): Illuminate\\Database\\Migrations\\DatabaseMigrationRepository->repositoryExists()
#7 /app/vendor/laravel/framework/src/Illuminate/Database/Console/Migrations/MigrateCommand.php(164): Illuminate\\Database\\Migrations\\Migrator->repositoryExists()
#8 /app/vendor/laravel/framework/src/Illuminate/Support/helpers.php(304): Illuminate\\Database\\Console\\Migrations\\MigrateCommand->Illuminate\\Database\\Console\\Migrations\\{closure}()
#9 /app/vendor/laravel/framework/src/Illuminate/Database/Console/Migrations/MigrateCommand.php(164): retry()
#10 /app/vendor/laravel/framework/src/Illuminate/Database/Console/Migrations/MigrateCommand.php(140): Illuminate\\Database\\Console\\Migrations\\MigrateCommand->repositoryExists()
#11 /app/vendor/laravel/framework/src/Illuminate/Database/Console/Migrations/MigrateCommand.php(110): Illuminate\\Database\\Console\\Migrations\\MigrateCommand->prepareDatabase()
#12 /app/vendor/laravel/framework/src/Illuminate/Database/Migrations/Migrator.php(622): Illuminate\\Database\\Console\\Migrations\\MigrateCommand->Illuminate\\Database\\Console\\Migrations\\{closure}()
#13 /app/vendor/laravel/framework/src/Illuminate/Database/Console/Migrations/MigrateCommand.php(109): Illuminate\\Database\\Migrations\\Migrator->usingConnection()
#14 /app/vendor/laravel/framework/src/Illuminate/Database/Console/Migrations/MigrateCommand.php(88): Illuminate\\Database\\Console\\Migrations\\MigrateCommand->runMigrations()
#15 /app/vendor/laravel/framework/src/Illuminate/Container/BoundMethod.php(36): Illuminate\\Database\\Console\\Migrations\\MigrateCommand->handle()
#16 /app/vendor/laravel/framework/src/Illuminate/Container/Util.php(41): Illuminate\\Container\\BoundMethod::Illuminate\\Container\\{closure}()
#17 /app/vendor/laravel/framework/src/Illuminate/Container/BoundMethod.php(93): Illuminate\\Container\\Util::unwrapIfClosure()
#18 /app/vendor/laravel/framework/src/Illuminate/Container/BoundMethod.php(35): Illuminate\\Container\\BoundMethod::callBoundMethod()
#19 /app/vendor/laravel/framework/src/Illuminate/Container/Container.php(662): Illuminate\\Container\\BoundMethod::call()
#20 /app/vendor/laravel/framework/src/Illuminate/Console/Command.php(212): Illuminate\\Container\\Container->call()
#21 /app/vendor/symfony/console/Command/Command.php(279): Illuminate\\Console\\Command->execute()
#22 /app/vendor/laravel/framework/src/Illuminate/Console/Command.php(181): Symfony\\Component\\Console\\Command\\Command->run()
#23 /app/vendor/symfony/console/Application.php(1049): Illuminate\\Console\\Command->run()
#24 /app/vendor/symfony/console/Application.php(318): Symfony\\Component\\Console\\Application->doRunCommand()
#25 /app/vendor/symfony/console/Application.php(169): Symfony\\Component\\Console\\Application->doRun()
#26 /app/vendor/laravel/framework/src/Illuminate/Foundation/Console/Kernel.php(196): Symfony\\Component\\Console\\Application->run()
#27 /app/vendor/laravel/framework/src/Illuminate/Foundation/Application.php(1187): Illuminate\\Foundation\\Console\\Kernel->handle()
#28 /app/artisan(13): Illuminate\\Foundation\\Application->handleCommand()
#29 {main}

[previous exception] [object] (PDOException(code: 0): could not find driver at /app/vendor/laravel/framework/src/Illuminate/Database/Connectors/Connector.php:65)
[stacktrace]
#0 /app/vendor/laravel/framework/src/Illuminate/Database/Connectors/Connector.php(65): PDO->__construct()
#1 /app/vendor/laravel/framework/src/Illuminate/Database/Connectors/Connector.php(44): Illuminate\\Database\\Connectors\\Connector->createPdoConnection()
#2 /app/vendor/laravel/framework/src/Illuminate/Database/Connectors/MySqlConnector.php(24): Illuminate\\Database\\Connectors\\Connector->createConnection()
#3 /app/vendor/laravel/framework/src/Illuminate/Database/Connectors/ConnectionFactory.php(185): Illuminate\\Database\\Connectors\\MySqlConnector->connect()
#4 [internal function]: Illuminate\\Database\\Connectors\\ConnectionFactory->Illuminate\\Database\\Connectors\\{closure}()
#5 /app/vendor/laravel/framework/src/Illuminate/Database/Connection.php(1219): call_user_func()
#6 /app/vendor/laravel/framework/src/Illuminate/Database/Connection.php(512): Illuminate\\Database\\Connection->getPdo()
#7 /app/vendor/laravel/framework/src/Illuminate/Database/Connection.php(407): Illuminate\\Database\\Connection->getPdoForSelect()
#8 /app/vendor/laravel/framework/src/Illuminate/Database/Connection.php(800): Illuminate\\Database\\Connection->Illuminate\\Database\\{closure}()
#9 /app/vendor/laravel/framework/src/Illuminate/Database/Connection.php(767): Illuminate\\Database\\Connection->runQueryCallback()
#10 /app/vendor/laravel/framework/src/Illuminate/Database/Connection.php(398): Illuminate\\Database\\Connection->run()
#11 /app/vendor/laravel/framework/src/Illuminate/Database/Connection.php(385): Illuminate\\Database\\Connection->select()
#12 /app/vendor/laravel/framework/src/Illuminate/Database/Schema/MySqlBuilder.php(41): Illuminate\\Database\\Connection->selectFromWriteConnection()
#13 /app/vendor/laravel/framework/src/Illuminate/Database/Schema/Builder.php(147): Illuminate\\Database\\Schema\\MySqlBuilder->getTables()
#14 /app/vendor/laravel/framework/src/Illuminate/Database/Migrations/DatabaseMigrationRepository.php(184): Illuminate\\Database\\Schema\\Builder->hasTable()
#15 /app/vendor/laravel/framework/src/Illuminate/Database/Migrations/Migrator.php(689): Illuminate\\Database\\Migrations\\DatabaseMigrationRepository->repositoryExists()
#16 /app/vendor/laravel/framework/src/Illuminate/Database/Console/Migrations/MigrateCommand.php(164): Illuminate\\Database\\Migrations\\Migrator->repositoryExists()
#17 /app/vendor/laravel/framework/src/Illuminate/Support/helpers.php(304): Illuminate\\Database\\Console\\Migrations\\MigrateCommand->Illuminate\\Database\\Console\\Migrations\\{closure}()
#18 /app/vendor/laravel/framework/src/Illuminate/Database/Console/Migrations/MigrateCommand.php(164): retry()
#19 /app/vendor/laravel/framework/src/Illuminate/Database/Console/Migrations/MigrateCommand.php(140): Illuminate\\Database\\Console\\Migrations\\MigrateCommand->repositoryExists()
#20 /app/vendor/laravel/framework/src/Illuminate/Database/Console/Migrations/MigrateCommand.php(110): Illuminate\\Database\\Console\\Migrations\\MigrateCommand->prepareDatabase()
#21 /app/vendor/laravel/framework/src/Illuminate/Database/Migrations/Migrator.php(622): Illuminate\\Database\\Console\\Migrations\\MigrateCommand->Illuminate\\Database\\Console\\Migrations\\{closure}()
#22 /app/vendor/laravel/framework/src/Illuminate/Database/Console/Migrations/MigrateCommand.php(109): Illuminate\\Database\\Migrations\\Migrator->usingConnection()
#23 /app/vendor/laravel/framework/src/Illuminate/Database/Console/Migrations/MigrateCommand.php(88): Illuminate\\Database\\Console\\Migrations\\MigrateCommand->runMigrations()
#24 /app/vendor/laravel/framework/src/Illuminate/Container/BoundMethod.php(36): Illuminate\\Database\\Console\\Migrations\\MigrateCommand->handle()
#25 /app/vendor/laravel/framework/src/Illuminate/Container/Util.php(41): Illuminate\\Container\\BoundMethod::Illuminate\\Container\\{closure}()
#26 /app/vendor/laravel/framework/src/Illuminate/Container/BoundMethod.php(93): Illuminate\\Container\\Util::unwrapIfClosure()
#27 /app/vendor/laravel/framework/src/Illuminate/Container/BoundMethod.php(35): Illuminate\\Container\\BoundMethod::callBoundMethod()
#28 /app/vendor/laravel/framework/src/Illuminate/Container/Container.php(662): Illuminate\\Container\\BoundMethod::call()
#29 /app/vendor/laravel/framework/src/Illuminate/Console/Command.php(212): Illuminate\\Container\\Container->call()
#30 /app/vendor/symfony/console/Command/Command.php(279): Illuminate\\Console\\Command->execute()
#31 /app/vendor/laravel/framework/src/Illuminate/Console/Command.php(181): Symfony\\Component\\Console\\Command\\Command->run()
#32 /app/vendor/symfony/console/Application.php(1049): Illuminate\\Console\\Command->run()
#33 /app/vendor/symfony/console/Application.php(318): Symfony\\Component\\Console\\Application->doRunCommand()
#34 /app/vendor/symfony/console/Application.php(169): Symfony\\Component\\Console\\Application->doRun()
#35 /app/vendor/laravel/framework/src/Illuminate/Foundation/Console/Kernel.php(196): Symfony\\Component\\Console\\Application->run()
#36 /app/vendor/laravel/framework/src/Illuminate/Foundation/Application.php(1187): Illuminate\\Foundation\\Console\\Kernel->handle()
#37 /app/artisan(13): Illuminate\\Foundation\\Application->handleCommand()
#38 {main}
"} 
[2024-05-11 22:52:06] local.INFO: hi  
[2024-05-11 22:52:46] local.INFO: hi  
